Performing C++ SOURCE FILE Test CMAKE_HAVE_LIBC_PTHREAD failed with the following output:
Change Dir: /home/lyx/code_ws/thread-tutorial/thread/07_atomic/08/build/CMakeFiles/CMakeTmp

Run Build Command(s):/usr/bin/make -f Makefile cmTC_ceb20/fast && /usr/bin/make  -f CMakeFiles/cmTC_ceb20.dir/build.make CMakeFiles/cmTC_ceb20.dir/build
make[1]: Entering directory '/home/lyx/code_ws/thread-tutorial/thread/07_atomic/08/build/CMakeFiles/CMakeTmp'
Building CXX object CMakeFiles/cmTC_ceb20.dir/src.cxx.o
/usr/bin/c++ -DCMAKE_HAVE_LIBC_PTHREAD  -std=gnu++1z -o CMakeFiles/cmTC_ceb20.dir/src.cxx.o -c /home/lyx/code_ws/thread-tutorial/thread/07_atomic/08/build/CMakeFiles/CMakeTmp/src.cxx
Linking CXX executable cmTC_ceb20
/opt/cmake-3.21.5-linux-x86_64/bin/cmake -E cmake_link_script CMakeFiles/cmTC_ceb20.dir/link.txt --verbose=1
/usr/bin/c++ CMakeFiles/cmTC_ceb20.dir/src.cxx.o -o cmTC_ceb20 
CMakeFiles/cmTC_ceb20.dir/src.cxx.o: In function `main':
src.cxx:(.text+0x3e): undefined reference to `pthread_create'
src.cxx:(.text+0x4a): undefined reference to `pthread_detach'
src.cxx:(.text+0x56): undefined reference to `pthread_cancel'
src.cxx:(.text+0x67): undefined reference to `pthread_join'
collect2: error: ld returned 1 exit status
CMakeFiles/cmTC_ceb20.dir/build.make:98: recipe for target 'cmTC_ceb20' failed
make[1]: *** [cmTC_ceb20] Error 1
make[1]: Leaving directory '/home/lyx/code_ws/thread-tutorial/thread/07_atomic/08/build/CMakeFiles/CMakeTmp'
Makefile:127: recipe for target 'cmTC_ceb20/fast' failed
make: *** [cmTC_ceb20/fast] Error 2


Source file was:
#include <pthread.h>

static void* test_func(void* data)
{
  return data;
}

int main(void)
{
  pthread_t thread;
  pthread_create(&thread, NULL, test_func, NULL);
  pthread_detach(thread);
  pthread_cancel(thread);
  pthread_join(thread, NULL);
  pthread_atfork(NULL, NULL, NULL);
  pthread_exit(NULL);

  return 0;
}

Determining if the function pthread_create exists in the pthreads failed with the following output:
Change Dir: /home/lyx/code_ws/thread-tutorial/thread/07_atomic/08/build/CMakeFiles/CMakeTmp

Run Build Command(s):/usr/bin/make -f Makefile cmTC_ffcd9/fast && /usr/bin/make  -f CMakeFiles/cmTC_ffcd9.dir/build.make CMakeFiles/cmTC_ffcd9.dir/build
make[1]: Entering directory '/home/lyx/code_ws/thread-tutorial/thread/07_atomic/08/build/CMakeFiles/CMakeTmp'
Building CXX object CMakeFiles/cmTC_ffcd9.dir/CheckFunctionExists.cxx.o
/usr/bin/c++   -DCHECK_FUNCTION_EXISTS=pthread_create -std=gnu++1z -o CMakeFiles/cmTC_ffcd9.dir/CheckFunctionExists.cxx.o -c /home/lyx/code_ws/thread-tutorial/thread/07_atomic/08/build/CMakeFiles/CheckLibraryExists/CheckFunctionExists.cxx
Linking CXX executable cmTC_ffcd9
/opt/cmake-3.21.5-linux-x86_64/bin/cmake -E cmake_link_script CMakeFiles/cmTC_ffcd9.dir/link.txt --verbose=1
/usr/bin/c++  -DCHECK_FUNCTION_EXISTS=pthread_create CMakeFiles/cmTC_ffcd9.dir/CheckFunctionExists.cxx.o -o cmTC_ffcd9  -lpthreads 
/usr/bin/ld: cannot find -lpthreads
collect2: error: ld returned 1 exit status
CMakeFiles/cmTC_ffcd9.dir/build.make:98: recipe for target 'cmTC_ffcd9' failed
make[1]: *** [cmTC_ffcd9] Error 1
make[1]: Leaving directory '/home/lyx/code_ws/thread-tutorial/thread/07_atomic/08/build/CMakeFiles/CMakeTmp'
Makefile:127: recipe for target 'cmTC_ffcd9/fast' failed
make: *** [cmTC_ffcd9/fast] Error 2



